0 info it worked if it ends with ok
1 verbose cli [ '/usr/bin/node', '/usr/bin/npm', 'run', 'test-acceptance' ]
2 info using npm@3.10.10
3 info using node@v6.11.3
4 verbose run-script [ 'pretest-acceptance',
4 verbose run-script   'test-acceptance',
4 verbose run-script   'posttest-acceptance' ]
5 info lifecycle iteam-cli-iron@0.0.1~pretest-acceptance: iteam-cli-iron@0.0.1
6 silly lifecycle iteam-cli-iron@0.0.1~pretest-acceptance: no script for pretest-acceptance, continuing
7 info lifecycle iteam-cli-iron@0.0.1~test-acceptance: iteam-cli-iron@0.0.1
8 verbose lifecycle iteam-cli-iron@0.0.1~test-acceptance: unsafe-perm in lifecycle true
9 verbose lifecycle iteam-cli-iron@0.0.1~test-acceptance: PATH: /usr/lib/node_modules/npm/bin/node-gyp-bin:/mnt/c/Users/mlynam/Source/repos/iteam-cli-iron/node_modules/.bin:/usr/local/sbin:/usr/local/bin:/usr/sbin:/usr/bin:/sbin:/bin:/usr/games:/usr/local/games:/mnt/c/Program Files (x86)/PHP/v7.0:/mnt/c/Windows/System32/inetsrv:/mnt/c/Program Files (x86)/Microsoft Visual Studio 14.0/Common7/IDE/Extensions/Microsoft/Windows Azure Tools/Docker:/mnt/c/Program Files (x86)/Intel/iCLS Client:/mnt/c/Program Files/Intel/iCLS Client:/mnt/c/Windows/System32:/mnt/c/Windows:/mnt/c/Windows/System32/wbem:/mnt/c/Windows/System32/WindowsPowerShell/v1.0:/mnt/c/Program Files/Intel/WiFi/bin:/mnt/c/Program Files/Common Files/Intel/WirelessCommon:/mnt/c/Program Files (x86)/Hewlett-Packard/HP Performance Advisor:/mnt/c/Program Files/Microsoft/Web Platform Installer:/mnt/c/Program Files/Microsoft SQL Server/120/Tools/Binn:/mnt/c/ProgramData/ComposerSetup/bin:/mnt/c/Program Files/nodejs:/mnt/c/Users/mlynam/AppData/Roaming/Composer/vendor/bin:/mnt/c/Program Files (x86)/Yarn/bin:/mnt/c/Program Files/dotnet:/mnt/c/Windows/System32:/mnt/c/Windows:/mnt/c/Windows/System32/wbem:/mnt/c/Windows/System32/WindowsPowerShell/v1.0:/mnt/c/Program Files/Microsoft SQL Server/130/Tools/Binn:/mnt/c/Program Files (x86)/Intel/Intel(R) Management Engine Components/DAL:/mnt/c/Program Files/Intel/Intel(R) Management Engine Components/DAL:/mnt/c/Program Files (x86)/Intel/Intel(R) Management Engine Components/IPT:/mnt/c/Program Files/Intel/Intel(R) Management Engine Components/IPT:/mnt/c/Program Files/Microsoft SQL Server/Client SDK/ODBC/110/Tools/Binn:/mnt/c/Program Files/Microsoft SQL Server/120/DTS/Binn:/mnt/c/Program Files (x86)/Microsoft SQL Server/120/Tools/Binn/ManagementStudio:/mnt/c/Program Files (x86)/Microsoft SQL Server/120/Tools/Binn:/mnt/c/Program Files (x86)/Microsoft SQL Server/120/DTS/Binn:/mnt/c/Program Files/Git/cmd:/mnt/c/Program Files/Git/mingw64/bin:/mnt/c/Program Files/Git/usr/bin:/mnt/c/Program Files/Git LFS:/mnt/c/Program Files/CMake/bin:/mnt/c/Program Files/watchman:/mnt/c/HashiCorp/Vagrant/bin:/mnt/c/Users/mlynam/AppData/Local/Continuum/Miniconda3:/mnt/c/Users/mlynam/AppData/Local/Continuum/Miniconda3/Scripts:/mnt/c/Users/mlynam/AppData/Local/Continuum/Miniconda3/Library/bin:/mnt/c/Users/mlynam/AppData/Local/Programs/Python/Python36-32/Scripts:/mnt/c/Users/mlynam/AppData/Local/Programs/Python/Python36-32:/mnt/c/Users/mlynam/.dnx/runtimes/dnx-clr-win-x86.1.0.0-rc1-update1/bin:/mnt/c/Users/mlynam/.dnx/bin:/mnt/c/Ruby22-x64/bin:/mnt/c/Program Files (x86)/MSBuild/14.0/Bin:/mnt/c/cygwin64/bin:/mnt/c/Users/mlynam/AppData/Local/Microsoft/WindowsApps:/mnt/c/Users/mlynam/AppData/Roaming/npm:/mnt/c/Users/mlynam/AppData/Local/atom/bin:/mnt/c/Users/mlynam/AppData/Local/Microsoft/WindowsApps:/mnt/c/Program Files (x86)/DevTools:/mnt/c/Users/mlynam/AppData/Local/.meteor:/mnt/c/Program Files/Microsoft VS Code/bin:/mnt/c/Users/mlynam/AppData/Local/Programs/Fiddler
10 verbose lifecycle iteam-cli-iron@0.0.1~test-acceptance: CWD: /mnt/c/Users/mlynam/Source/repos/iteam-cli-iron
11 silly lifecycle iteam-cli-iron@0.0.1~test-acceptance: Args: [ '-c', 'jest \'^.*accept[.]js$' ]
12 silly lifecycle iteam-cli-iron@0.0.1~test-acceptance: Returned: code: 2  signal: null
13 info lifecycle iteam-cli-iron@0.0.1~test-acceptance: Failed to exec test-acceptance script
14 verbose stack Error: iteam-cli-iron@0.0.1 test-acceptance: `jest '^.*accept[.]js$`
14 verbose stack Exit status 2
14 verbose stack     at EventEmitter.<anonymous> (/usr/lib/node_modules/npm/lib/utils/lifecycle.js:255:16)
14 verbose stack     at emitTwo (events.js:106:13)
14 verbose stack     at EventEmitter.emit (events.js:191:7)
14 verbose stack     at ChildProcess.<anonymous> (/usr/lib/node_modules/npm/lib/utils/spawn.js:40:14)
14 verbose stack     at emitTwo (events.js:106:13)
14 verbose stack     at ChildProcess.emit (events.js:191:7)
14 verbose stack     at maybeClose (internal/child_process.js:920:16)
14 verbose stack     at Process.ChildProcess._handle.onexit (internal/child_process.js:230:5)
15 verbose pkgid iteam-cli-iron@0.0.1
16 verbose cwd /mnt/c/Users/mlynam/Source/repos/iteam-cli-iron
17 error Linux 4.4.0-43-Microsoft
18 error argv "/usr/bin/node" "/usr/bin/npm" "run" "test-acceptance"
19 error node v6.11.3
20 error npm  v3.10.10
21 error code ELIFECYCLE
22 error iteam-cli-iron@0.0.1 test-acceptance: `jest '^.*accept[.]js$`
22 error Exit status 2
23 error Failed at the iteam-cli-iron@0.0.1 test-acceptance script 'jest '^.*accept[.]js$'.
23 error Make sure you have the latest version of node.js and npm installed.
23 error If you do, this is most likely a problem with the iteam-cli-iron package,
23 error not with npm itself.
23 error Tell the author that this fails on your system:
23 error     jest '^.*accept[.]js$
23 error You can get information on how to open an issue for this project with:
23 error     npm bugs iteam-cli-iron
23 error Or if that isn't available, you can get their info via:
23 error     npm owner ls iteam-cli-iron
23 error There is likely additional logging output above.
24 verbose exit [ 1, true ]
